2026-02-21 02:02:38,088 - MasterUpdater - INFO - [TASK] Starting Retail Sentiment Update...
2026-02-21 02:02:38,089 - RetailSentimentAgent - INFO - Crawling https://www.myfxbook.com/community/outlook...
2026-02-21 02:02:41,601 - RetailSentimentAgent - ERROR - Crawl failed: BrowserType.launch: Target page, context or browser has been closed
Browser logs:

<launching> C:\Users\Administrator\AppData\Local\ms-playwright\chromium-1200\chrome-win64\chrome.exe --disable-field-trial-config --disable-background-networking --disable-background-timer-throttling --disable-backgrounding-occluded-windows --disable-back-forward-cache --disable-breakpad --disable-client-side-phishing-detection --disable-component-extensions-with-background-pages --disable-component-update --no-default-browser-check --disable-default-apps --disable-dev-shm-usage --disable-extensions --disable-features=AcceptCHFrame,AvoidUnnecessaryBeforeUnloadCheckSync,DestroyProfileOnBrowserClose,DialMediaRouteProvider,GlobalMediaControls,HttpsUpgrades,LensOverlay,MediaRouter,PaintHolding,ThirdPartyStoragePartitioning,Translate,AutoDeElevate,RenderDocument,OptimizationHints --enable-features=CDPScreenshotNewSurface --allow-pre-commit-input --disable-hang-monitor --disable-ipc-flooding-protection --disable-popup-blocking --disable-prompt-on-repost --disable-renderer-backgrounding --force-color-profile=srgb --metrics-recording-only --no-first-run --password-store=basic --use-mock-keychain --no-service-autorun --export-tagged-pdf --disable-search-engine-choice-screen --unsafely-disable-devtools-self-xss-warnings --edge-skip-compat-layer-relaunch --enable-automation --disable-infobars --disable-search-engine-choice-screen --disable-sync --headless --hide-scrollbars --mute-audio --blink-settings=primaryHoverType=2,availableHoverTypes=2,primaryPointerType=4,availablePointerTypes=4 --no-sandbox --disable-gpu --disable-gpu-compositing --disable-software-rasterizer --no-sandbox --disable-dev-shm-usage --no-first-run --no-default-browser-check --disable-infobars --window-position=0,0 --ignore-certificate-errors --ignore-certificate-errors-spki-list --disable-blink-features=AutomationControlled --window-position=400,0 --disable-renderer-backgrounding --disable-ipc-flooding-protection --force-color-profile=srgb --mute-audio --disable-background-timer-throttling --window-size=1080,600 --user-data-dir=C:\Users\ADMINI~1\AppData\Local\Temp\6\playwright_chromiumdev_profile-vTtTET --remote-debugging-pipe --no-startup-window
<launched> pid=52444
Call log:
  - <launching> C:\Users\Administrator\AppData\Local\ms-playwright\chromium-1200\chrome-win64\chrome.exe --disable-field-trial-config --disable-background-networking --disable-background-timer-throttling --disable-backgrounding-occluded-windows --disable-back-forward-cache --disable-breakpad --disable-client-side-phishing-detection --disable-component-extensions-with-background-pages --disable-component-update --no-default-browser-check --disable-default-apps --disable-dev-shm-usage --disable-extensions --disable-features=AcceptCHFrame,AvoidUnnecessaryBeforeUnloadCheckSync,DestroyProfileOnBrowserClose,DialMediaRouteProvider,GlobalMediaControls,HttpsUpgrades,LensOverlay,MediaRouter,PaintHolding,ThirdPartyStoragePartitioning,Translate,AutoDeElevate,RenderDocument,OptimizationHints --enable-features=CDPScreenshotNewSurface --allow-pre-commit-input --disable-hang-monitor --disable-ipc-flooding-protection --disable-popup-blocking --disable-prompt-on-repost --disable-renderer-backgrounding --force-color-profile=srgb --metrics-recording-only --no-first-run --password-store=basic --use-mock-keychain --no-service-autorun --export-tagged-pdf --disable-search-engine-choice-screen --unsafely-disable-devtools-self-xss-warnings --edge-skip-compat-layer-relaunch --enable-automation --disable-infobars --disable-search-engine-choice-screen --disable-sync --headless --hide-scrollbars --mute-audio --blink-settings=primaryHoverType=2,availableHoverTypes=2,primaryPointerType=4,availablePointerTypes=4 --no-sandbox --disable-gpu --disable-gpu-compositing --disable-software-rasterizer --no-sandbox --disable-dev-shm-usage --no-first-run --no-default-browser-check --disable-infobars --window-position=0,0 --ignore-certificate-errors --ignore-certificate-errors-spki-list --disable-blink-features=AutomationControlled --window-position=400,0 --disable-renderer-backgrounding --disable-ipc-flooding-protection --force-color-profile=srgb --mute-audio --disable-background-timer-throttling --window-size=1080,600 --user-data-dir=C:\Users\ADMINI~1\AppData\Local\Temp\6\playwright_chromiumdev_profile-vTtTET --remote-debugging-pipe --no-startup-window
  - <launched> pid=52444
  - [pid=52444] <gracefully close start>
  - [pid=52444] <kill>
  - [pid=52444] <will force kill>
  - [pid=52444] taskkill stderr: ERROR: The process "52444" not found.
  - [pid=52444] <process did exit: exitCode=0, signal=null>
  - [pid=52444] starting temporary directories cleanup
  - [pid=52444] finished temporary directories cleanup
  - [pid=52444] <gracefully close end>

2026-02-21 02:02:41,613 - MasterUpdater - INFO - [OK] Retail Sentiment Saved (0 items).
2026-02-21 02:03:29,825 - MasterUpdater - INFO - [TASK] Starting Retail Sentiment Update...
2026-02-21 02:03:29,826 - RetailSentimentAgent - INFO - Crawling https://www.myfxbook.com/community/outlook...
2026-02-21 02:03:31,223 - RetailSentimentAgent - ERROR - Crawl failed: BrowserType.launch: Target page, context or browser has been closed
Browser logs:

<launching> C:\Users\Administrator\AppData\Local\ms-playwright\chromium-1200\chrome-win64\chrome.exe --disable-field-trial-config --disable-background-networking --disable-background-timer-throttling --disable-backgrounding-occluded-windows --disable-back-forward-cache --disable-breakpad --disable-client-side-phishing-detection --disable-component-extensions-with-background-pages --disable-component-update --no-default-browser-check --disable-default-apps --disable-dev-shm-usage --disable-extensions --disable-features=AcceptCHFrame,AvoidUnnecessaryBeforeUnloadCheckSync,DestroyProfileOnBrowserClose,DialMediaRouteProvider,GlobalMediaControls,HttpsUpgrades,LensOverlay,MediaRouter,PaintHolding,ThirdPartyStoragePartitioning,Translate,AutoDeElevate,RenderDocument,OptimizationHints --enable-features=CDPScreenshotNewSurface --allow-pre-commit-input --disable-hang-monitor --disable-ipc-flooding-protection --disable-popup-blocking --disable-prompt-on-repost --disable-renderer-backgrounding --force-color-profile=srgb --metrics-recording-only --no-first-run --password-store=basic --use-mock-keychain --no-service-autorun --export-tagged-pdf --disable-search-engine-choice-screen --unsafely-disable-devtools-self-xss-warnings --edge-skip-compat-layer-relaunch --enable-automation --disable-infobars --disable-search-engine-choice-screen --disable-sync --headless --hide-scrollbars --mute-audio --blink-settings=primaryHoverType=2,availableHoverTypes=2,primaryPointerType=4,availablePointerTypes=4 --no-sandbox --disable-gpu --disable-gpu-compositing --disable-software-rasterizer --no-sandbox --disable-dev-shm-usage --no-first-run --no-default-browser-check --disable-infobars --window-position=0,0 --ignore-certificate-errors --ignore-certificate-errors-spki-list --disable-blink-features=AutomationControlled --window-position=400,0 --disable-renderer-backgrounding --disable-ipc-flooding-protection --force-color-profile=srgb --mute-audio --disable-background-timer-throttling --window-size=1080,600 --user-data-dir=C:\Users\ADMINI~1\AppData\Local\Temp\6\playwright_chromiumdev_profile-eGquS4 --remote-debugging-pipe --no-startup-window
<launched> pid=29636
Call log:
  - <launching> C:\Users\Administrator\AppData\Local\ms-playwright\chromium-1200\chrome-win64\chrome.exe --disable-field-trial-config --disable-background-networking --disable-background-timer-throttling --disable-backgrounding-occluded-windows --disable-back-forward-cache --disable-breakpad --disable-client-side-phishing-detection --disable-component-extensions-with-background-pages --disable-component-update --no-default-browser-check --disable-default-apps --disable-dev-shm-usage --disable-extensions --disable-features=AcceptCHFrame,AvoidUnnecessaryBeforeUnloadCheckSync,DestroyProfileOnBrowserClose,DialMediaRouteProvider,GlobalMediaControls,HttpsUpgrades,LensOverlay,MediaRouter,PaintHolding,ThirdPartyStoragePartitioning,Translate,AutoDeElevate,RenderDocument,OptimizationHints --enable-features=CDPScreenshotNewSurface --allow-pre-commit-input --disable-hang-monitor --disable-ipc-flooding-protection --disable-popup-blocking --disable-prompt-on-repost --disable-renderer-backgrounding --force-color-profile=srgb --metrics-recording-only --no-first-run --password-store=basic --use-mock-keychain --no-service-autorun --export-tagged-pdf --disable-search-engine-choice-screen --unsafely-disable-devtools-self-xss-warnings --edge-skip-compat-layer-relaunch --enable-automation --disable-infobars --disable-search-engine-choice-screen --disable-sync --headless --hide-scrollbars --mute-audio --blink-settings=primaryHoverType=2,availableHoverTypes=2,primaryPointerType=4,availablePointerTypes=4 --no-sandbox --disable-gpu --disable-gpu-compositing --disable-software-rasterizer --no-sandbox --disable-dev-shm-usage --no-first-run --no-default-browser-check --disable-infobars --window-position=0,0 --ignore-certificate-errors --ignore-certificate-errors-spki-list --disable-blink-features=AutomationControlled --window-position=400,0 --disable-renderer-backgrounding --disable-ipc-flooding-protection --force-color-profile=srgb --mute-audio --disable-background-timer-throttling --window-size=1080,600 --user-data-dir=C:\Users\ADMINI~1\AppData\Local\Temp\6\playwright_chromiumdev_profile-eGquS4 --remote-debugging-pipe --no-startup-window
  - <launched> pid=29636
  - [pid=29636] <gracefully close start>
  - [pid=29636] <kill>
  - [pid=29636] <will force kill>
  - [pid=29636] taskkill stderr: ERROR: The process "29636" not found.
  - [pid=29636] <process did exit: exitCode=0, signal=null>
  - [pid=29636] starting temporary directories cleanup
  - [pid=29636] finished temporary directories cleanup
  - [pid=29636] <gracefully close end>

2026-02-21 02:03:31,226 - MasterUpdater - INFO - [OK] Retail Sentiment Saved (0 items).
